<?xml version="1.0" encoding="UTF-8"?>
<!-- Generated by org.testng.reporters.JUnitReportReporter -->
<testsuite hostname="DESKTOP-9SS8G4J" failures="0" tests="1" name="Git.Sample" time="0.016" errors="0" timestamp="2023-08-04T17:44:41 IST" skipped="0">
  <testcase classname="Git.Sample" name="demo" time="0.016"/>
  <system-out/>
</testsuite> <!-- Git.Sample -->
